<?xml version="1.0" encoding="UTF-8"?>
<!-- Generated by org.testng.reporters.JUnitReportReporter -->
<testsuite skipped="0" hostname="DESKTOP-3F0LP18" name="com.actitime.test.CustomerModule" tests="1" failures="0" timestamp="03 Nov 2020 02:22:50 GMT" time="0.012" errors="0">
  <testcase name="testCreateCustomer" time="0.012" classname="com.actitime.test.CustomerModule"/>
</testsuite> <!-- com.actitime.test.CustomerModule -->
